2026-02-11 02:21:46,631 - src.data.data_fetcher - WARNING - BaoStock登录失败: 客户端版本不匹配，请使用'pip install baostock --upgrade'更新至下列版本00.8.90|00.9.00
2026-02-11 02:21:46,631 - src.data.data_fetcher - INFO - Tushare token未配置或使用默认值，将仅使用BaoStock
2026-02-11 02:21:46,631 - __main__ - INFO - 数据获取器初始化成功
2026-02-11 02:21:46,631 - __main__ - INFO - ==================================================
2026-02-11 02:21:46,631 - __main__ - INFO - A股打板复盘系统 - 测试模式
2026-02-11 02:21:46,631 - __main__ - INFO - ==================================================
2026-02-11 02:21:46,631 - __main__ - INFO - 配置文件加载成功
2026-02-11 02:21:46,631 - __main__ - INFO - 数据源: baostock
2026-02-11 02:21:46,632 - __main__ - INFO - 涨停阈值: 9.8%
2026-02-11 02:21:46,632 - __main__ - INFO - 测试数据获取...
2026-02-11 02:21:46,632 - __main__ - WARNING - 未能获取股票基本信息
2026-02-11 02:21:46,632 - __main__ - INFO - 
测试获取日线数据（2026-02-04 到 2026-02-11）
2026-02-11 02:21:46,632 - __main__ - WARNING - 未能获取 sh.000001 的日线数据
2026-02-11 02:21:46,632 - __main__ - WARNING - 未能获取 sz.399001 的日线数据
2026-02-11 02:21:46,632 - __main__ - WARNING - 未能获取 000001 的日线数据
2026-02-11 02:21:46,632 - __main__ - INFO - 
测试完成!
2026-02-11 02:22:59,981 - src.data.data_fetcher - INFO - BaoStock登录成功
2026-02-11 02:22:59,981 - src.data.data_fetcher - INFO - Tushare token未配置或使用默认值，将仅使用BaoStock
2026-02-11 02:22:59,981 - __main__ - INFO - 数据获取器初始化成功
2026-02-11 02:22:59,981 - __main__ - INFO - ==================================================
2026-02-11 02:22:59,981 - __main__ - INFO - A股打板复盘系统 - 测试模式
2026-02-11 02:22:59,981 - __main__ - INFO - ==================================================
2026-02-11 02:22:59,981 - __main__ - INFO - 配置文件加载成功
2026-02-11 02:22:59,981 - __main__ - INFO - 数据源: baostock
2026-02-11 02:22:59,981 - __main__ - INFO - 涨停阈值: 9.8%
2026-02-11 02:22:59,981 - __main__ - INFO - 测试数据获取...
2026-02-11 02:23:12,750 - src.data.data_fetcher - INFO - 从BaoStock获取到 8617 只股票基本信息
2026-02-11 02:23:12,750 - __main__ - INFO - 成功获取 8617 只股票基本信息
2026-02-11 02:23:12,754 - __main__ - INFO - 
测试获取日线数据（2026-02-04 到 2026-02-11）
2026-02-11 02:23:12,864 - __main__ - INFO - 成功获取 sh.000001 的日线数据，共 5 条
2026-02-11 02:23:13,023 - __main__ - INFO - 成功获取 sz.399001 的日线数据，共 5 条
2026-02-11 02:23:13,108 - __main__ - INFO - 成功获取 000001 的日线数据，共 5 条
2026-02-11 02:23:13,110 - __main__ - INFO - 
测试完成!
