2026-02-11 02:16:28,102 - src.data.data_fetcher - WARNING - BaoStock登录失败: 客户端版本不匹配，请使用'pip install baostock --upgrade'更新至下列版本00.8.90|00.9.00
2026-02-11 02:16:28,103 - src.data.data_fetcher - INFO - Tushare初始化成功
2026-02-11 02:16:28,103 - __main__ - INFO - 数据获取器初始化成功
2026-02-11 02:16:28,103 - __main__ - INFO - ==================================================
2026-02-11 02:16:28,103 - __main__ - INFO - A股打板复盘系统 - 测试模式
2026-02-11 02:16:28,103 - __main__ - INFO - ==================================================
2026-02-11 02:16:28,103 - __main__ - INFO - 配置文件加载成功
2026-02-11 02:16:28,103 - __main__ - INFO - 数据源: baostock
2026-02-11 02:16:28,103 - __main__ - INFO - 涨停阈值: 9.8%
2026-02-11 02:16:28,103 - __main__ - INFO - 测试数据获取...
2026-02-11 02:16:28,205 - src.data.data_fetcher - ERROR - 获取股票基础信息失败: 您的token不对，请确认。
2026-02-11 02:16:28,205 - __main__ - WARNING - 未能获取股票基本信息
2026-02-11 02:16:28,205 - __main__ - INFO - 测试获取日线数据（2026-02-04 到 2026-02-11）
2026-02-11 02:16:28,292 - src.data.data_fetcher - WARNING - 获取sh.000001日线数据失败(尝试1/3): 您的token不对，请确认。
2026-02-11 02:16:29,380 - src.data.data_fetcher - WARNING - 获取sh.000001日线数据失败(尝试2/3): 您的token不对，请确认。
2026-02-11 02:16:30,472 - src.data.data_fetcher - WARNING - 获取sh.000001日线数据失败(尝试3/3): 您的token不对，请确认。
2026-02-11 02:16:31,473 - __main__ - WARNING - 未能获取 sh.000001 的日线数据
2026-02-11 02:16:31,473 - __main__ - INFO - 测试完成!
2026-02-11 02:17:16,770 - src.data.data_fetcher - INFO - BaoStock登录成功
2026-02-11 02:17:16,770 - src.data.data_fetcher - INFO - Tushare初始化成功
2026-02-11 02:17:16,770 - __main__ - INFO - 数据获取器初始化成功
2026-02-11 02:17:16,770 - __main__ - INFO - ==================================================
2026-02-11 02:17:16,770 - __main__ - INFO - A股打板复盘系统 - 测试模式
2026-02-11 02:17:16,771 - __main__ - INFO - ==================================================
2026-02-11 02:17:16,771 - __main__ - INFO - 配置文件加载成功
2026-02-11 02:17:16,771 - __main__ - INFO - 数据源: baostock
2026-02-11 02:17:16,771 - __main__ - INFO - 涨停阈值: 9.8%
2026-02-11 02:17:16,771 - __main__ - INFO - 测试数据获取...
2026-02-11 02:17:29,998 - __main__ - INFO - 成功获取 8617 只股票基本信息
2026-02-11 02:17:30,003 - __main__ - INFO - 测试获取日线数据（2026-02-04 到 2026-02-11）
2026-02-11 02:17:30,051 - __main__ - INFO - 成功获取 sh.000001 的日线数据
2026-02-11 02:17:30,056 - __main__ - INFO - 测试完成!
